<?xml version="1.0" encoding="UTF-8"?>
<testsuite xmlns:xsi="http://www.w3.org/2001/XMLSchema-instance" xsi:noNamespaceSchemaLocation="https://maven.apache.org/surefire/maven-surefire-plugin/xsd/surefire-test-report-3.0.xsd" version="3.0" name="com.rajat.employeeCRUD.EmployeeCrudApplicationTests" time="7.895" tests="1" errors="0" skipped="0" failures="0">
  <properties>
[...]
</properties>
  <testcase name="contextLoads" classname="com.rajat.employeeCRUD.EmployeeCrudApplicationTests" time="0.721">
    <system-out><![CDATA[11:25:25.790 [main] INFO org.springframework.test.context.support.AnnotationConfigContextLoaderUtils -- Could not detect default configuration classes for test class [com.rajat.employeeCRUD.EmployeeCrudApplicationTests]: EmployeeCrudApplicationTests does not declare any static, non-private, non-final, nested classes annotated with @Configuration.
11:25:25.967 [main] INFO org.springframework.boot.test.context.SpringBootTestContextBootstrapper -- Found @SpringBootConfiguration com.rajat.employeeCRUD.EmployeeCrudApplication for test class com.rajat.employeeCRUD.EmployeeCrudApplicationTests

  .   ____          _            __ _ _
 /\\ / ___'_ __ _ _(_)_ __  __ _ \ \ \ \
( ( )\___ | '_ | '_| | '_ \/ _` | \ \ \ \
 \\/  ___)| |_)| | | | | || (_| |  ) ) ) )
  '  |____| .__|_| |_|_| |_\__, | / / / /
 =========|_|==============|___/=/_/_/_/

 :: Spring Boot ::                (v3.3.2)

2024-08-17T11:25:26.558+05:30  INFO 13412 --- [EmployeeCRUD] [           main] c.r.e.EmployeeCrudApplicationTests       : Starting EmployeeCrudApplicationTests using Java 21.0.4 with PID 13412 (started by Hp in D:\Projects\SpringBoot Employee CRUD\employee-crud-backend)
2024-08-17T11:25:26.559+05:30  INFO 13412 --- [EmployeeCRUD] [           main] c.r.e.EmployeeCrudApplicationTests       : No active profile set, falling back to 1 default profile: "default"
2024-08-17T11:25:27.494+05:30  INFO 13412 --- [EmployeeCRUD] [           main] .s.d.r.c.RepositoryConfigurationDelegate : Bootstrapping Spring Data JPA repositories in DEFAULT mode.
2024-08-17T11:25:27.579+05:30  INFO 13412 --- [EmployeeCRUD] [           main] .s.d.r.c.RepositoryConfigurationDelegate : Finished Spring Data repository scanning in 71 ms. Found 1 JPA repository interface.
2024-08-17T11:25:28.208+05:30  INFO 13412 --- [EmployeeCRUD] [           main] o.hibernate.jpa.internal.util.LogHelper  : HHH000204: Processing PersistenceUnitInfo [name: default]
2024-08-17T11:25:28.299+05:30  INFO 13412 --- [EmployeeCRUD] [           main] org.hibernate.Version                    : HHH000412: Hibernate ORM core version 6.5.2.Final
2024-08-17T11:25:28.354+05:30  INFO 13412 --- [EmployeeCRUD] [           main] o.h.c.internal.RegionFactoryInitiator    : HHH000026: Second-level cache disabled
2024-08-17T11:25:28.809+05:30  INFO 13412 --- [EmployeeCRUD] [           main] o.s.o.j.p.SpringPersistenceUnitInfo      : No LoadTimeWeaver setup: ignoring JPA class transformer
2024-08-17T11:25:28.876+05:30  INFO 13412 --- [EmployeeCRUD] [           main] com.zaxxer.hikari.HikariDataSource       : HikariPool-1 - Starting...
2024-08-17T11:25:29.778+05:30  INFO 13412 --- [EmployeeCRUD] [           main] com.zaxxer.hikari.pool.HikariPool        : HikariPool-1 - Added connection com.mysql.cj.jdbc.ConnectionImpl@56835f2f
2024-08-17T11:25:29.788+05:30  INFO 13412 --- [EmployeeCRUD] [           main] com.zaxxer.hikari.HikariDataSource       : HikariPool-1 - Start completed.
2024-08-17T11:25:29.940+05:30  WARN 13412 --- [EmployeeCRUD] [           main] org.hibernate.dialect.Dialect            : HHH000511: The 5.5.62 version for [org.hibernate.dialect.MySQLDialect] is no longer supported, hence certain features may not work properly. The minimum supported version is 8.0.0. Check the community dialects project for available legacy versions.
2024-08-17T11:25:30.837+05:30  INFO 13412 --- [EmployeeCRUD] [           main] o.h.e.t.j.p.i.JtaPlatformInitiator       : HHH000489: No JTA platform available (set 'hibernate.transaction.jta.platform' to enable JTA platform integration)
2024-08-17T11:25:31.120+05:30  INFO 13412 --- [EmployeeCRUD] [           main] j.LocalContainerEntityManagerFactoryBean : Initialized JPA EntityManagerFactory for persistence unit 'default'
2024-08-17T11:25:31.845+05:30  WARN 13412 --- [EmployeeCRUD] [           main] JpaBaseConfiguration$JpaWebConfiguration : spring.jpa.open-in-view is enabled by default. Therefore, database queries may be performed during view rendering. Explicitly configure spring.jpa.open-in-view to disable this warning
2024-08-17T11:25:32.464+05:30  INFO 13412 --- [EmployeeCRUD] [           main] c.r.e.EmployeeCrudApplicationTests       : Started EmployeeCrudApplicationTests in 6.289 seconds (process running for 7.941)
]]></system-out>
    <system-err><![CDATA[WARNING: A Java agent has been loaded dynamically (C:\Users\Hp\.m2\repository\net\bytebuddy\byte-buddy-agent\1.14.18\byte-buddy-agent-1.14.18.jar)
WARNING: If a serviceability tool is in use, please run with -XX:+EnableDynamicAgentLoading to hide this warning
WARNING: If a serviceability tool is not in use, please run with -Djdk.instrument.traceUsage for more information
WARNING: Dynamic loading of agents will be disallowed by default in a future release
]]></system-err>
  </testcase>
</testsuite>